\BOOKMARK [0][-]{section*.1}{Inhaltsverzeichnis}{}% 1
\BOOKMARK [0][-]{chapter*.2}{Abbildungsverzeichnis}{}% 2
\BOOKMARK [0][-]{chapter*.3}{Tabellenverzeichnis}{}% 3
\BOOKMARK [0][-]{chapter.5}{1 Einleitung}{}% 4
\BOOKMARK [0][-]{chapter.6}{2 Theorie}{}% 5
\BOOKMARK [1][-]{section.7}{2.1 Voraussetzungen moderner Physik}{chapter.6}% 6
\BOOKMARK [2][-]{subsection.8}{2.1.1 Relativistische Kinematik}{section.7}% 7
\BOOKMARK [2][-]{subsection.12}{2.1.2 Dirac-Gleichung}{section.7}% 8
\BOOKMARK [2][-]{subsection.22}{2.1.3 Fermis Goldene Regel}{section.7}% 9
\BOOKMARK [1][-]{section.23}{2.2 Stadardmodell der Elementarteilchenphysik}{chapter.6}% 10
\BOOKMARK [2][-]{subsection.24}{2.2.1 Teilcheninhalt}{section.23}% 11
\BOOKMARK [2][-]{subsection.27}{2.2.2 Schwache Wechselwirkung}{section.23}% 12
\BOOKMARK [1][-]{section.28}{2.3 Parametrisieren von Formfaktoren}{chapter.6}% 13
\BOOKMARK [0][-]{chapter.29}{3 Ergebnisse}{}% 14
\BOOKMARK [1][-]{section.30}{3.1 Kinematische Gr\366\337en}{chapter.29}% 15
\BOOKMARK [1][-]{section.32}{3.2 Ermittlung der Formfaktoren}{chapter.29}% 16
\BOOKMARK [2][-]{subsection.33}{3.2.1 Die Formfaktoren f0 und f-}{section.32}% 17
\BOOKMARK [2][-]{subsection.34}{3.2.2 Fit des Formfaktors f+}{section.32}% 18
\BOOKMARK [0][-]{chapter.35}{4 Zusammenfassung und Ausblick}{}% 19
\BOOKMARK [0][-]{chapter.35}{Quellenverzeichnis}{}% 20
